<?xml version="1.0" encoding="UTF-8" ?>
<testsuite failures="0" time="0.092" errors="0" skipped="0" tests="8" name="week2.Tasks.EmployeeTest">
  <properties>
[...]
</properties>
  <testcase time="0.015" classname="week2.Tasks.EmployeeTest" name="testEqualsNull"/>
  <testcase time="0.001" classname="week2.Tasks.EmployeeTest" name="testDifferentObject"/>
  <testcase time="0.001" classname="week2.Tasks.EmployeeTest" name="testNotRightData"/>
  <testcase time="0" classname="week2.Tasks.EmployeeTest" name="testHashCodeRight"/>
  <testcase time="0.001" classname="week2.Tasks.EmployeeTest" name="testHashCodeWrong"/>
  <testcase time="0.001" classname="week2.Tasks.EmployeeTest" name="testThemself"/>
  <testcase time="0" classname="week2.Tasks.EmployeeTest" name="testRightData"/>
  <testcase time="0.001" classname="week2.Tasks.EmployeeTest" name="testHashCodeDifferentObj"/>
</testsuite>